<?xml version="1.0" encoding="UTF-8"?>
<!-- Generated by org.testng.reporters.JUnitReportReporter -->
<testsuite hostname="DESKTOP-73RFGMK" failures="0" tests="1" name="testCases.TC_001_AccountRegistration" time="3.720" errors="0" timestamp="2022-11-20T12:37:34 IST" skipped="0">
  <testcase classname="testCases.TC_001_AccountRegistration" name="test_accountregistration" time="3.720"/>
  <system-out/>
</testsuite> <!-- testCases.TC_001_AccountRegistration -->
