<?xml version="1.0" encoding="UTF-8"?>
<!-- Generated by org.testng.reporters.JUnitReportReporter -->
<testsuite hostname="DESKTOP-73RFGMK" failures="0" tests="5" name="testCases.TC_003_LoginDataDrivenTes" time="37.863" errors="0" timestamp="2022-11-14T08:15:06 IST" skipped="0">
  <testcase classname="testCases.TC_003_LoginDataDrivenTes" name="test_LoginDataDriven" time="1.992"/>
  <system-out/>
  <testcase classname="testCases.TC_003_LoginDataDrivenTes" name="test_LoginDataDriven" time="2.235"/>
  <system-out/>
  <testcase classname="testCases.TC_003_LoginDataDrivenTes" name="test_LoginDataDriven" time="11.066"/>
  <system-out/>
  <testcase classname="testCases.TC_003_LoginDataDrivenTes" name="test_LoginDataDriven" time="11.331"/>
  <system-out/>
  <testcase classname="testCases.TC_003_LoginDataDrivenTes" name="test_LoginDataDriven" time="11.239"/>
  <system-out/>
</testsuite> <!-- testCases.TC_003_LoginDataDrivenTes -->
