<?xml version="1.0" encoding="UTF-8"?>
<!-- Generated by org.testng.reporters.JUnitReportReporter -->
<testsuite hostname="DESKTOP-73RFGMK" failures="0" tests="1" name="testCases.TC_002_Logintest" time="1.324" errors="0" timestamp="2022-11-21T15:09:42 IST" skipped="0">
  <testcase classname="testCases.TC_002_Logintest" name="test_login" time="1.324"/>
  <system-out/>
</testsuite> <!-- testCases.TC_002_Logintest -->
